C51 COMPILER V9.60.0.0   DDS                                                               02/22/2020 15:20:02 PAGE 1   


C51 COMPILER V9.60.0.0, COMPILATION OF MODULE DDS
OBJECT MODULE PLACED IN .\Objects\DDS.obj
COMPILER INVOKED BY: D:\Programs\keil\C51\BIN\C51.EXE DDS.c OPTIMIZE(8,SPEED) BROWSE DEBUG OBJECTEXTEND PRINT(.\Listings
                    -\DDS.lst) TABS(2) OBJECT(.\Objects\DDS.obj)

line level    source

   1          #include<stc15f2k60s2.h>
   2          #define uint unsigned int
   3          #define uchar unsigned char
   4          #define ulong unsigned long
   5          
   6          #define coefficient       10.73741824     //系数是2^28/MCLK得到的
   7          #define speed             1000
   8          
   9          sbit FSYNC = P3^2;
  10          
  11          void uart1()interrupt 4
  12          {
  13   1        TI=0;
  14   1      }
  15          
  16          void delay_us(ulong us)                   //延时函数
  17          {
  18   1        for(;us>0;us--);
  19   1      }
  20          
  21          uint bit_inversion(uint a)              //8bit数据反转函数
  22          {
  23   1        a=(a&0xaa)>>1|(a&0x55)<<1;            //与、或、移位运算符的巧妙运用
  24   1        a=(a&0xcc)>>2|(a&0x33)<<2;
  25   1        a=(a&0xf0)>>4|(a&0x0f)<<4;
  26   1        return a;
  27   1      }
  28          
  29          void uart1_set(uint a)                    //串口发送数据函数
  30          {
  31   1        FSYNC=0;
  32   1        SBUF=bit_inversion(a>>8);             //数据寄存器SBUF
  33   1        while(TI);
  34   1        SBUF=bit_inversion(a);
  35   1        delay_us(5);                          //注意延时
  36   1        FSYNC=1;
  37   1      }
  38          
  39          void write_freq0(ulong freq)            //FREQ0写数据
  40          {
  41   1        uint L_REG,H_REG,reg;
  42   1        reg=coefficient*freq;
  43   1        L_REG=(reg&0x3fff)|0x4000;
  44   1        H_REG=(reg>>14)|0x4000;         //通信数据处理
  45   1        uart1_set(L_REG);
  46   1        uart1_set(H_REG);
  47   1        uart1_set(0x2000);
  48   1        delay_us(speed);
  49   1      }
  50          
  51          /*void write_freq1(ulong freq)            //FREQ1写数据
  52          {
  53            uint L_REG,H_REG,reg;
  54            reg=coefficient*freq;
C51 COMPILER V9.60.0.0   DDS                                                               02/22/2020 15:20:02 PAGE 2   

  55            L_REG=(reg&0x3fff)|0x8000;
  56            H_REG=(reg>>14)|0x8000;         //通信数据处理
  57            uart1_set(L_REG);
  58            uart1_set(H_REG);
  59            uart1_set(0x2800);
  60            delay_us(speed);
  61          }*/
  62          
  63          void main()
  64          {
  65   1        ulong freq=100;                       //初始频率100Hz
  66   1        bit flag=0;
  67   1                                              //复位值默认为模式0
  68   1        AUXR=0x10;                            //速率是系统时钟的一半sysclk/2，禁止接收数据
  69   1                                              //SCON.2 TI标志位，发送请求中断，中断中清零
  70   1        IE=0x90;                              //开启中断EA=1,ES=1
  71   1        uart1_set(0x2100);
  72   1        uart1_set(0xC000);
  73   1        write_freq0(10000);
  74   1        /*while(1)
  75   1        {
  76   1          if(!flag)
  77   1          {
  78   1            write_freq0(freq);
  79   1            flag=!flag;
  80   1          }
  81   1          else
  82   1          {
  83   1            write_freq1(freq);
  84   1            flag=!flag;
  85   1          }
  86   1          freq=freq+50;
  87   1          if(freq>10000)
  88   1            freq=100;
  89   1        }*/
  90   1      }


MODULE INFORMATION:   STATIC OVERLAYABLE
   CODE SIZE        =    318    ----
   CONSTANT SIZE    =   ----    ----
   XDATA SIZE       =   ----    ----
   PDATA SIZE       =   ----    ----
   DATA SIZE        =   ----      12
   IDATA SIZE       =   ----    ----
   BIT SIZE         =   ----       1
END OF MODULE INFORMATION.


C51 COMPILATION COMPLETE.  0 WARNING(S),  0 ERROR(S)
